[debug] [2020-11-23T10:54:21.215Z] ----------------------------------------------------------------------
[debug] [2020-11-23T10:54:21.219Z] Command:       /usr/local/bin/node /usr/local/bin/firebase init
[debug] [2020-11-23T10:54:21.220Z] CLI Version:   8.16.2
[debug] [2020-11-23T10:54:21.220Z] Platform:      darwin
[debug] [2020-11-23T10:54:21.220Z] Node Version:  v12.16.1
[debug] [2020-11-23T10:54:21.222Z] Time:          Mon Nov 23 2020 11:54:21 GMT+0100 (GMT+01:00)
[debug] [2020-11-23T10:54:21.223Z] ----------------------------------------------------------------------
[debug] [2020-11-23T10:54:21.223Z] 
[debug] [2020-11-23T10:54:21.318Z] > command requires scopes: ["email","openid","https://www.googleapis.com/auth/cloudplatformprojects.readonly","https://www.googleapis.com/auth/firebase","https://www.googleapis.com/auth/cloud-platform"]
[debug] [2020-11-23T10:54:21.319Z] > authorizing via signed-in user
[info] 
     ######## #### ########  ######## ########     ###     ######  ########
     ##        ##  ##     ## ##       ##     ##  ##   ##  ##       ##
     ######    ##  ########  ######   ########  #########  ######  ######
     ##        ##  ##    ##  ##       ##     ## ##     ##       ## ##
     ##       #### ##     ## ######## ########  ##     ##  ######  ########

You're about to initialize a Firebase project in this directory:

  /Users/x/clone-amazon

Before we get started, keep in mind:

  * You are initializing in an existing Firebase project directory

[debug] [2020-11-23T10:55:26.152Z] Error: read EIO
    at TTY.onStreamRead (internal/stream_base_commons.js:205:27)
